# JRE version: OpenJDK Runtime Environment (11.0.8+10) (build 11.0.8+10-b944.6842174)
# Java VM: OpenJDK 64-Bit Server VM (11.0.8+10-b944.6842174, mixed mode, tiered, compressed oops, g1 gc, windows-amd64)
Heap:
 garbage-first heap   total 172032K, used 118899K [0x0000000080000000, 0x0000000100000000)
  region size 1024K, 41 young (41984K), 7 survivors (7168K)
 Metaspace       used 82002K, capacity 83983K, committed 84224K, reserved 1122304K
  class space    used 10520K, capacity 11218K, committed 11264K, reserved 1048576K
GC Heap History (20 events):
Event: 7.317 GC heap before
{Heap before GC invocations=18 (full 0):
 garbage-first heap   total 118784K, used 62968K [0x0000000080000000, 0x0000000100000000)
  region size 1024K, 9 young (9216K), 5 survivors (5120K)
 Metaspace       used 50602K, capacity 52045K, committed 52224K, reserved 1095680K
  class space    used 6365K, capacity 6817K, committed 6912K, reserved 1048576K
}
Event: 7.324 GC heap after
{Heap after GC invocations=19 (full 0):
 garbage-first heap   total 118784K, used 63034K [0x0000000080000000, 0x0000000100000000)
  region size 1024K, 3 young (3072K), 3 survivors (3072K)
 Metaspace       used 50602K, capacity 52045K, committed 52224K, reserved 1095680K
  class space    used 6365K, capacity 6817K, committed 6912K, reserved 1048576K
}
Event: 7.623 GC heap before
{Heap before GC invocations=20 (full 0):
 garbage-first heap   total 118784K, used 84538K [0x0000000080000000, 0x0000000100000000)
  region size 1024K, 22 young (22528K), 3 survivors (3072K)
 Metaspace       used 52310K, capacity 53905K, committed 54016K, reserved 1095680K
  class space    used 6580K, capacity 7073K, committed 7168K, reserved 1048576K
}
Event: 7.626 GC heap after
{Heap after GC invocations=21 (full 0):
 garbage-first heap   total 143360K, used 67693K [0x0000000080000000, 0x0000000100000000)
  region size 1024K, 3 young (3072K), 3 survivors (3072K)
 Metaspace       used 52310K, capacity 53905K, committed 54016K, reserved 1095680K
  class space    used 6580K, capacity 7073K, committed 7168K, reserved 1048576K
}
Event: 8.155 GC heap before
{Heap before GC invocations=21 (full 0):
 garbage-first heap   total 143360K, used 98413K [0x0000000080000000, 0x0000000100000000)
  region size 1024K, 33 young (33792K), 3 survivors (3072K)
 Metaspace       used 56767K, capacity 58338K, committed 58368K, reserved 1099776K
  class space    used 7120K, capacity 7659K, committed 7680K, reserved 1048576K
}
Event: 8.160 GC heap after
{Heap after GC invocations=22 (full 0):
 garbage-first heap   total 143360K, used 68851K [0x0000000080000000, 0x0000000100000000)
  region size 1024K, 4 young (4096K), 4 survivors (4096K)
 Metaspace       used 56767K, capacity 58338K, committed 58368K, reserved 1099776K
  class space    used 7120K, capacity 7659K, committed 7680K, reserved 1048576K
}
Event: 8.776 GC heap before
{Heap before GC invocations=23 (full 0):
 garbage-first heap   total 143360K, used 100595K [0x0000000080000000, 0x0000000100000000)
  region size 1024K, 36 young (36864K), 4 survivors (4096K)
 Metaspace       used 61356K, capacity 62999K, committed 63104K, reserved 1103872K
  class space    used 7694K, capacity 8248K, committed 8320K, reserved 1048576K
}
Event: 8.782 GC heap after
{Heap after GC invocations=24 (full 0):
 garbage-first heap   total 143360K, used 71370K [0x0000000080000000, 0x0000000100000000)
  region size 1024K, 4 young (4096K), 4 survivors (4096K)
 Metaspace       used 61356K, capacity 62999K, committed 63104K, reserved 1103872K
  class space    used 7694K, capacity 8248K, committed 8320K, reserved 1048576K
}
Event: 9.132 GC heap before
{Heap before GC invocations=24 (full 0):
 garbage-first heap   total 143360K, used 95946K [0x0000000080000000, 0x0000000100000000)
  region size 1024K, 29 young (29696K), 4 survivors (4096K)
 Metaspace       used 63631K, capacity 65281K, committed 65408K, reserved 1105920K
  class space    used 7972K, capacity 8554K, committed 8576K, reserved 1048576K
}
Event: 9.137 GC heap after
{Heap after GC invocations=25 (full 0):
 garbage-first heap   total 143360K, used 73163K [0x0000000080000000, 0x0000000100000000)
  region size 1024K, 3 young (3072K), 3 survivors (3072K)
 Metaspace       used 63631K, capacity 65281K, committed 65408K, reserved 1105920K
  class space    used 7972K, capacity 8554K, committed 8576K, reserved 1048576K
}
Event: 9.660 GC heap before
{Heap before GC invocations=26 (full 0):
 garbage-first heap   total 143360K, used 106955K [0x0000000080000000, 0x0000000100000000)
  region size 1024K, 35 young (35840K), 3 survivors (3072K)
 Metaspace       used 66482K, capacity 68250K, committed 68352K, reserved 1107968K
  class space    used 8315K, capacity 8874K, committed 8960K, reserved 1048576K
}
Event: 9.664 GC heap after
{Heap after GC invocations=27 (full 0):
 garbage-first heap   total 143360K, used 74564K [0x0000000080000000, 0x0000000100000000)
  region size 1024K, 4 young (4096K), 4 survivors (4096K)
 Metaspace       used 66482K, capacity 68250K, committed 68352K, reserved 1107968K
  class space    used 8315K, capacity 8874K, committed 8960K, reserved 1048576K
}
Event: 9.943 GC heap before
{Heap before GC invocations=27 (full 0):
 garbage-first heap   total 143360K, used 108356K [0x0000000080000000, 0x0000000100000000)
  region size 1024K, 37 young (37888K), 4 survivors (4096K)
 Metaspace       used 67375K, capacity 69206K, committed 69504K, reserved 1110016K
  class space    used 8423K, capacity 9021K, committed 9088K, reserved 1048576K
}
Event: 9.952 GC heap after
{Heap after GC invocations=28 (full 0):
 garbage-first heap   total 143360K, used 77839K [0x0000000080000000, 0x0000000100000000)
  region size 1024K, 5 young (5120K), 5 survivors (5120K)
 Metaspace       used 67375K, capacity 69206K, committed 69504K, reserved 1110016K
  class space    used 8423K, capacity 9021K, committed 9088K, reserved 1048576K
}
Event: 10.534 GC heap before
{Heap before GC invocations=29 (full 0):
 garbage-first heap   total 143360K, used 110607K [0x0000000080000000, 0x0000000100000000)
  region size 1024K, 37 young (37888K), 5 survivors (5120K)
 Metaspace       used 71554K, capacity 73450K, committed 73600K, reserved 1114112K
  class space    used 9152K, capacity 9772K, committed 9856K, reserved 1048576K
}
Event: 10.542 GC heap after
{Heap after GC invocations=30 (full 0):
 garbage-first heap   total 172032K, used 80061K [0x0000000080000000, 0x0000000100000000)
  region size 1024K, 3 young (3072K), 3 survivors (3072K)
 Metaspace       used 71554K, capacity 73450K, committed 73600K, reserved 1114112K
  class space    used 9152K, capacity 9772K, committed 9856K, reserved 1048576K
}
Event: 11.073 GC heap before
{Heap before GC invocations=30 (full 0):
 garbage-first heap   total 172032K, used 123069K [0x0000000080000000, 0x0000000100000000)
  region size 1024K, 45 young (46080K), 3 survivors (3072K)
 Metaspace       used 74161K, capacity 75992K, committed 76288K, reserved 1116160K
  class space    used 9537K, capacity 10144K, committed 10240K, reserved 1048576K
}
Event: 11.083 GC heap after
{Heap after GC invocations=31 (full 0):
 garbage-first heap   total 172032K, used 83142K [0x0000000080000000, 0x0000000100000000)
  region size 1024K, 6 young (6144K), 6 survivors (6144K)
 Metaspace       used 74161K, capacity 75992K, committed 76288K, reserved 1116160K
  class space    used 9537K, capacity 10144K, committed 10240K, reserved 1048576K
}
Event: 11.757 GC heap before
{Heap before GC invocations=32 (full 0):
 garbage-first heap   total 172032K, used 127174K [0x0000000080000000, 0x0000000100000000)
  region size 1024K, 49 young (50176K), 6 survivors (6144K)
 Metaspace       used 78065K, capacity 79902K, committed 80128K, reserved 1118208K
  class space    used 10042K, capacity 10636K, committed 10752K, reserved 1048576K
}
Event: 11.764 GC heap after
{Heap after GC invocations=33 (full 0):
 garbage-first heap   total 172032K, used 86131K [0x0000000080000000, 0x0000000100000000)
  region size 1024K, 7 young (7168K), 7 survivors (7168K)
 Metaspace       used 78065K, capacity 79902K, committed 80128K, reserved 1118208K
  class space    used 10042K, capacity 10636K, committed 10752K, reserved 1048576K
}

