# JRE version: OpenJDK Runtime Environment (11.0.8+10) (build 11.0.8+10-b944.6842174)
# Java VM: OpenJDK 64-Bit Server VM (11.0.8+10-b944.6842174, mixed mode, tiered, compressed oops, g1 gc, windows-amd64)
Heap:
 garbage-first heap   total 98304K, used 63244K [0x0000000080000000, 0x0000000100000000)
  region size 1024K, 43 young (44032K), 6 survivors (6144K)
 Metaspace       used 44443K, capacity 45523K, committed 45692K, reserved 1089536K
  class space    used 5677K, capacity 6084K, committed 6144K, reserved 1048576K
GC Heap History (16 events):
Event: 2.022 GC heap before
{Heap before GC invocations=0 (full 0):
 garbage-first heap   total 98304K, used 29696K [0x0000000080000000, 0x0000000100000000)
  region size 1024K, 24 young (24576K), 0 survivors (0K)
 Metaspace       used 10734K, capacity 10996K, committed 11264K, reserved 1058816K
  class space    used 1131K, capacity 1200K, committed 1280K, reserved 1048576K
}
Event: 2.031 GC heap after
{Heap after GC invocations=1 (full 0):
 garbage-first heap   total 98304K, used 8535K [0x0000000080000000, 0x0000000100000000)
  region size 1024K, 3 young (3072K), 3 survivors (3072K)
 Metaspace       used 10734K, capacity 10996K, committed 11264K, reserved 1058816K
  class space    used 1131K, capacity 1200K, committed 1280K, reserved 1048576K
}
Event: 4.903 GC heap before
{Heap before GC invocations=1 (full 0):
 garbage-first heap   total 98304K, used 62807K [0x0000000080000000, 0x0000000100000000)
  region size 1024K, 57 young (58368K), 3 survivors (3072K)
 Metaspace       used 16601K, capacity 17005K, committed 17152K, reserved 1064960K
  class space    used 1902K, capacity 2033K, committed 2048K, reserved 1048576K
}
Event: 4.983 GC heap after
{Heap after GC invocations=2 (full 0):
 garbage-first heap   total 98304K, used 14753K [0x0000000080000000, 0x0000000100000000)
  region size 1024K, 8 young (8192K), 8 survivors (8192K)
 Metaspace       used 16601K, capacity 17005K, committed 17152K, reserved 1064960K
  class space    used 1902K, capacity 2033K, committed 2048K, reserved 1048576K
}
Event: 5.547 GC heap before
{Heap before GC invocations=2 (full 0):
 garbage-first heap   total 98304K, used 44449K [0x0000000080000000, 0x0000000100000000)
  region size 1024K, 38 young (38912K), 8 survivors (8192K)
 Metaspace       used 20574K, capacity 21127K, committed 21296K, reserved 1069056K
  class space    used 2520K, capacity 2680K, committed 2688K, reserved 1048576K
}
Event: 5.556 GC heap after
{Heap after GC invocations=3 (full 0):
 garbage-first heap   total 98304K, used 15947K [0x0000000080000000, 0x0000000100000000)
  region size 1024K, 2 young (2048K), 2 survivors (2048K)
 Metaspace       used 20574K, capacity 21127K, committed 21296K, reserved 1069056K
  class space    used 2520K, capacity 2680K, committed 2688K, reserved 1048576K
}
Event: 6.397 GC heap before
{Heap before GC invocations=4 (full 0):
 garbage-first heap   total 98304K, used 54859K [0x0000000080000000, 0x0000000100000000)
  region size 1024K, 40 young (40960K), 2 survivors (2048K)
 Metaspace       used 24987K, capacity 25632K, committed 25776K, reserved 1071104K
  class space    used 3224K, capacity 3461K, committed 3584K, reserved 1048576K
}
Event: 6.401 GC heap after
{Heap after GC invocations=5 (full 0):
 garbage-first heap   total 98304K, used 17473K [0x0000000080000000, 0x0000000100000000)
  region size 1024K, 3 young (3072K), 3 survivors (3072K)
 Metaspace       used 24987K, capacity 25632K, committed 25776K, reserved 1071104K
  class space    used 3224K, capacity 3461K, committed 3584K, reserved 1048576K
}
Event: 7.197 GC heap before
{Heap before GC invocations=5 (full 0):
 garbage-first heap   total 98304K, used 60481K [0x0000000080000000, 0x0000000100000000)
  region size 1024K, 45 young (46080K), 3 survivors (3072K)
 Metaspace       used 29923K, capacity 30582K, committed 30768K, reserved 1075200K
  class space    used 3980K, capacity 4196K, committed 4224K, reserved 1048576K
}
Event: 7.202 GC heap after
{Heap after GC invocations=6 (full 0):
 garbage-first heap   total 98304K, used 18924K [0x0000000080000000, 0x0000000100000000)
  region size 1024K, 5 young (5120K), 5 survivors (5120K)
 Metaspace       used 29923K, capacity 30582K, committed 30768K, reserved 1075200K
  class space    used 3980K, capacity 4196K, committed 4224K, reserved 1048576K
}
Event: 7.684 GC heap before
{Heap before GC invocations=6 (full 0):
 garbage-first heap   total 98304K, used 34284K [0x0000000080000000, 0x0000000100000000)
  region size 1024K, 22 young (22528K), 5 survivors (5120K)
 Metaspace       used 34897K, capacity 35597K, committed 35708K, reserved 1081344K
  class space    used 4536K, capacity 4785K, committed 4864K, reserved 1048576K
}
Event: 7.694 GC heap after
{Heap after GC invocations=7 (full 0):
 garbage-first heap   total 98304K, used 21070K [0x0000000080000000, 0x0000000100000000)
  region size 1024K, 6 young (6144K), 6 survivors (6144K)
 Metaspace       used 34897K, capacity 35597K, committed 35708K, reserved 1081344K
  class space    used 4536K, capacity 4785K, committed 4864K, reserved 1048576K
}
Event: 8.612 GC heap before
{Heap before GC invocations=8 (full 0):
 garbage-first heap   total 98304K, used 69198K [0x0000000080000000, 0x0000000100000000)
  region size 1024K, 50 young (51200K), 6 survivors (6144K)
 Metaspace       used 39822K, capacity 40684K, committed 40828K, reserved 1085440K
  class space    used 5053K, capacity 5362K, committed 5376K, reserved 1048576K
}
Event: 8.621 GC heap after
{Heap after GC invocations=9 (full 0):
 garbage-first heap   total 98304K, used 24222K [0x0000000080000000, 0x0000000100000000)
  region size 1024K, 7 young (7168K), 7 survivors (7168K)
 Metaspace       used 39822K, capacity 40684K, committed 40828K, reserved 1085440K
  class space    used 5053K, capacity 5362K, committed 5376K, reserved 1048576K
}
Event: 9.596 GC heap before
{Heap before GC invocations=9 (full 0):
 garbage-first heap   total 98304K, used 69278K [0x0000000080000000, 0x0000000100000000)
  region size 1024K, 51 young (52224K), 7 survivors (7168K)
 Metaspace       used 43232K, capacity 44230K, committed 44540K, reserved 1087488K
  class space    used 5557K, capacity 5934K, committed 6016K, reserved 1048576K
}
Event: 9.604 GC heap after
{Heap after GC invocations=10 (full 0):
 garbage-first heap   total 98304K, used 26380K [0x0000000080000000, 0x0000000100000000)
  region size 1024K, 6 young (6144K), 6 survivors (6144K)
 Metaspace       used 43232K, capacity 44230K, committed 44540K, reserved 1087488K
  class space    used 5557K, capacity 5934K, committed 6016K, reserved 1048576K
}

