# JRE version: OpenJDK Runtime Environment (11.0.8+10) (build 11.0.8+10-b944.6842174)
# Java VM: OpenJDK 64-Bit Server VM (11.0.8+10-b944.6842174, mixed mode, tiered, compressed oops, g1 gc, windows-amd64)
Heap:
 garbage-first heap   total 98304K, used 53182K [0x0000000080000000, 0x0000000100000000)
  region size 1024K, 13 young (13312K), 3 survivors (3072K)
 Metaspace       used 56289K, capacity 57733K, committed 57980K, reserved 1099776K
  class space    used 7133K, capacity 7640K, committed 7680K, reserved 1048576K
GC Heap History (20 events):
Event: 3.913 GC heap before
{Heap before GC invocations=2 (full 0):
 garbage-first heap   total 98304K, used 43748K [0x0000000080000000, 0x0000000100000000)
  region size 1024K, 37 young (37888K), 8 survivors (8192K)
 Metaspace       used 20572K, capacity 21127K, committed 21296K, reserved 1069056K
  class space    used 2520K, capacity 2680K, committed 2688K, reserved 1048576K
}
Event: 3.922 GC heap after
{Heap after GC invocations=3 (full 0):
 garbage-first heap   total 98304K, used 16854K [0x0000000080000000, 0x0000000100000000)
  region size 1024K, 2 young (2048K), 2 survivors (2048K)
 Metaspace       used 20572K, capacity 21127K, committed 21296K, reserved 1069056K
  class space    used 2520K, capacity 2680K, committed 2688K, reserved 1048576K
}
Event: 4.700 GC heap before
{Heap before GC invocations=4 (full 0):
 garbage-first heap   total 98304K, used 54742K [0x0000000080000000, 0x0000000100000000)
  region size 1024K, 39 young (39936K), 2 survivors (2048K)
 Metaspace       used 24914K, capacity 25530K, committed 25648K, reserved 1071104K
  class space    used 3209K, capacity 3427K, committed 3456K, reserved 1048576K
}
Event: 4.703 GC heap after
{Heap after GC invocations=5 (full 0):
 garbage-first heap   total 98304K, used 18208K [0x0000000080000000, 0x0000000100000000)
  region size 1024K, 3 young (3072K), 3 survivors (3072K)
 Metaspace       used 24914K, capacity 25530K, committed 25648K, reserved 1071104K
  class space    used 3209K, capacity 3427K, committed 3456K, reserved 1048576K
}
Event: 5.681 GC heap before
{Heap before GC invocations=5 (full 0):
 garbage-first heap   total 98304K, used 60192K [0x0000000080000000, 0x0000000100000000)
  region size 1024K, 44 young (45056K), 3 survivors (3072K)
 Metaspace       used 29500K, capacity 30166K, committed 30256K, reserved 1075200K
  class space    used 3923K, capacity 4164K, committed 4224K, reserved 1048576K
}
Event: 5.688 GC heap after
{Heap after GC invocations=6 (full 0):
 garbage-first heap   total 98304K, used 19487K [0x0000000080000000, 0x0000000100000000)
  region size 1024K, 4 young (4096K), 4 survivors (4096K)
 Metaspace       used 29500K, capacity 30166K, committed 30256K, reserved 1075200K
  class space    used 3923K, capacity 4164K, committed 4224K, reserved 1048576K
}
Event: 6.326 GC heap before
{Heap before GC invocations=6 (full 0):
 garbage-first heap   total 98304K, used 36895K [0x0000000080000000, 0x0000000100000000)
  region size 1024K, 23 young (23552K), 4 survivors (4096K)
 Metaspace       used 34889K, capacity 35629K, committed 35708K, reserved 1081344K
  class space    used 4536K, capacity 4817K, committed 4864K, reserved 1048576K
}
Event: 6.336 GC heap after
{Heap after GC invocations=7 (full 0):
 garbage-first heap   total 98304K, used 22005K [0x0000000080000000, 0x0000000100000000)
  region size 1024K, 6 young (6144K), 6 survivors (6144K)
 Metaspace       used 34889K, capacity 35629K, committed 35708K, reserved 1081344K
  class space    used 4536K, capacity 4817K, committed 4864K, reserved 1048576K
}
Event: 7.219 GC heap before
{Heap before GC invocations=8 (full 0):
 garbage-first heap   total 98304K, used 61941K [0x0000000080000000, 0x0000000100000000)
  region size 1024K, 42 young (43008K), 6 survivors (6144K)
 Metaspace       used 39333K, capacity 40212K, committed 40316K, reserved 1085440K
  class space    used 4996K, capacity 5311K, committed 5376K, reserved 1048576K
}
Event: 7.228 GC heap after
{Heap after GC invocations=9 (full 0):
 garbage-first heap   total 98304K, used 24143K [0x0000000080000000, 0x0000000100000000)
  region size 1024K, 5 young (5120K), 5 survivors (5120K)
 Metaspace       used 39333K, capacity 40212K, committed 40316K, reserved 1085440K
  class space    used 4996K, capacity 5311K, committed 5376K, reserved 1048576K
}
Event: 7.886 GC heap before
{Heap before GC invocations=9 (full 0):
 garbage-first heap   total 98304K, used 62031K [0x0000000080000000, 0x0000000100000000)
  region size 1024K, 42 young (43008K), 5 survivors (5120K)
 Metaspace       used 41734K, capacity 42673K, committed 42748K, reserved 1087488K
  class space    used 5352K, capacity 5708K, committed 5760K, reserved 1048576K
}
Event: 7.893 GC heap after
{Heap after GC invocations=10 (full 0):
 garbage-first heap   total 98304K, used 26080K [0x0000000080000000, 0x0000000100000000)
  region size 1024K, 5 young (5120K), 5 survivors (5120K)
 Metaspace       used 41734K, capacity 42673K, committed 42748K, reserved 1087488K
  class space    used 5352K, capacity 5708K, committed 5760K, reserved 1048576K
}
Event: 9.041 GC heap before
{Heap before GC invocations=10 (full 0):
 garbage-first heap   total 98304K, used 64992K [0x0000000080000000, 0x0000000100000000)
  region size 1024K, 43 young (44032K), 5 survivors (5120K)
 Metaspace       used 44376K, capacity 45515K, committed 45692K, reserved 1089536K
  class space    used 5677K, capacity 6083K, committed 6144K, reserved 1048576K
}
Event: 9.047 GC heap after
{Heap after GC invocations=11 (full 0):
 garbage-first heap   total 98304K, used 28748K [0x0000000080000000, 0x0000000100000000)
  region size 1024K, 5 young (5120K), 5 survivors (5120K)
 Metaspace       used 44376K, capacity 45515K, committed 45692K, reserved 1089536K
  class space    used 5677K, capacity 6083K, committed 6144K, reserved 1048576K
}
Event: 10.062 GC heap before
{Heap before GC invocations=11 (full 0):
 garbage-first heap   total 98304K, used 73804K [0x0000000080000000, 0x0000000100000000)
  region size 1024K, 44 young (45056K), 5 survivors (5120K)
 Metaspace       used 46427K, capacity 47634K, committed 47740K, reserved 1091584K
  class space    used 5931K, capacity 6364K, committed 6400K, reserved 1048576K
}
Event: 10.069 GC heap after
{Heap after GC invocations=12 (full 0):
 garbage-first heap   total 98304K, used 42436K [0x0000000080000000, 0x0000000100000000)
  region size 1024K, 6 young (6144K), 6 survivors (6144K)
 Metaspace       used 46427K, capacity 47634K, committed 47740K, reserved 1091584K
  class space    used 5931K, capacity 6364K, committed 6400K, reserved 1048576K
}
Event: 10.950 GC heap before
{Heap before GC invocations=12 (full 0):
 garbage-first heap   total 98304K, used 73156K [0x0000000080000000, 0x0000000100000000)
  region size 1024K, 36 young (36864K), 6 survivors (6144K)
 Metaspace       used 50785K, capacity 51994K, committed 52092K, reserved 1095680K
  class space    used 6436K, capacity 6863K, committed 6912K, reserved 1048576K
}
Event: 10.955 GC heap after
{Heap after GC invocations=13 (full 0):
 garbage-first heap   total 98304K, used 43837K [0x0000000080000000, 0x0000000100000000)
  region size 1024K, 2 young (2048K), 2 survivors (2048K)
 Metaspace       used 50785K, capacity 51994K, committed 52092K, reserved 1095680K
  class space    used 6436K, capacity 6863K, committed 6912K, reserved 1048576K
}
Event: 12.134 GC heap before
{Heap before GC invocations=13 (full 0):
 garbage-first heap   total 98304K, used 74557K [0x0000000080000000, 0x0000000100000000)
  region size 1024K, 32 young (32768K), 2 survivors (2048K)
 Metaspace       used 55424K, capacity 56860K, committed 57084K, reserved 1099776K
  class space    used 7050K, capacity 7541K, committed 7552K, reserved 1048576K
}
Event: 12.138 GC heap after
{Heap after GC invocations=14 (full 0):
 garbage-first heap   total 98304K, used 44990K [0x0000000080000000, 0x0000000100000000)
  region size 1024K, 3 young (3072K), 3 survivors (3072K)
 Metaspace       used 55424K, capacity 56860K, committed 57084K, reserved 1099776K
  class space    used 7050K, capacity 7541K, committed 7552K, reserved 1048576K
}

