# JRE version: OpenJDK Runtime Environment (11.0.8+10) (build 11.0.8+10-b944.6842174)
# Java VM: OpenJDK 64-Bit Server VM (11.0.8+10-b944.6842174, mixed mode, tiered, compressed oops, g1 gc, windows-amd64)
Heap:
 garbage-first heap   total 252928K, used 92261K [0x0000000080000000, 0x0000000100000000)
  region size 1024K, 2 young (2048K), 2 survivors (2048K)
 Metaspace       used 92027K, capacity 94152K, committed 94336K, reserved 1130496K
  class space    used 11751K, capacity 12512K, committed 12672K, reserved 1048576K
GC Heap History (20 events):
Event: 12.375 GC heap after
{Heap after GC invocations=22 (full 0):
 garbage-first heap   total 172032K, used 69134K [0x0000000080000000, 0x0000000100000000)
  region size 1024K, 7 young (7168K), 7 survivors (7168K)
 Metaspace       used 81198K, capacity 83362K, committed 83584K, reserved 1122304K
  class space    used 10571K, capacity 11337K, committed 11392K, reserved 1048576K
}
Event: 12.882 GC heap before
{Heap before GC invocations=22 (full 0):
 garbage-first heap   total 172032K, used 130574K [0x0000000080000000, 0x0000000100000000)
  region size 1024K, 68 young (69632K), 7 survivors (7168K)
 Metaspace       used 81737K, capacity 83872K, committed 84096K, reserved 1122304K
  class space    used 10582K, capacity 11344K, committed 11392K, reserved 1048576K
}
Event: 12.898 GC heap after
{Heap after GC invocations=23 (full 0):
 garbage-first heap   total 172032K, used 73214K [0x0000000080000000, 0x0000000100000000)
  region size 1024K, 8 young (8192K), 8 survivors (8192K)
 Metaspace       used 81737K, capacity 83872K, committed 84096K, reserved 1122304K
  class space    used 10582K, capacity 11344K, committed 11392K, reserved 1048576K
}
Event: 13.863 GC heap before
{Heap before GC invocations=23 (full 0):
 garbage-first heap   total 172032K, used 136702K [0x0000000080000000, 0x0000000100000000)
  region size 1024K, 69 young (70656K), 8 survivors (8192K)
 Metaspace       used 84717K, capacity 86908K, committed 87040K, reserved 1124352K
  class space    used 10925K, capacity 11739K, committed 11776K, reserved 1048576K
}
Event: 13.883 GC heap after
{Heap after GC invocations=24 (full 0):
 garbage-first heap   total 172032K, used 87122K [0x0000000080000000, 0x0000000100000000)
  region size 1024K, 9 young (9216K), 9 survivors (9216K)
 Metaspace       used 84717K, capacity 86908K, committed 87040K, reserved 1124352K
  class space    used 10925K, capacity 11739K, committed 11776K, reserved 1048576K
}
Event: 14.147 GC heap before
{Heap before GC invocations=24 (full 0):
 garbage-first heap   total 172032K, used 102482K [0x0000000080000000, 0x0000000100000000)
  region size 1024K, 26 young (26624K), 9 survivors (9216K)
 Metaspace       used 85830K, capacity 87973K, committed 88192K, reserved 1126400K
  class space    used 11041K, capacity 11837K, committed 11904K, reserved 1048576K
}
Event: 14.162 GC heap after
{Heap after GC invocations=25 (full 0):
 garbage-first heap   total 172032K, used 95183K [0x0000000080000000, 0x0000000100000000)
  region size 1024K, 7 young (7168K), 7 survivors (7168K)
 Metaspace       used 85830K, capacity 87973K, committed 88192K, reserved 1126400K
  class space    used 11041K, capacity 11837K, committed 11904K, reserved 1048576K
}
Event: 14.509 GC heap before
{Heap before GC invocations=26 (full 0):
 garbage-first heap   total 172032K, used 140239K [0x0000000080000000, 0x0000000100000000)
  region size 1024K, 37 young (37888K), 7 survivors (7168K)
 Metaspace       used 87512K, capacity 89530K, committed 90112K, reserved 1128448K
  class space    used 11163K, capacity 11893K, committed 12032K, reserved 1048576K
}
Event: 14.521 GC heap after
{Heap after GC invocations=27 (full 0):
 garbage-first heap   total 206848K, used 97728K [0x0000000080000000, 0x0000000100000000)
  region size 1024K, 3 young (3072K), 3 survivors (3072K)
 Metaspace       used 87512K, capacity 89530K, committed 90112K, reserved 1128448K
  class space    used 11163K, capacity 11893K, committed 12032K, reserved 1048576K
}
Event: 14.711 GC heap before
{Heap before GC invocations=27 (full 0):
 garbage-first heap   total 206848K, used 113088K [0x0000000080000000, 0x0000000100000000)
  region size 1024K, 20 young (20480K), 3 survivors (3072K)
 Metaspace       used 88248K, capacity 90247K, committed 90752K, reserved 1128448K
  class space    used 11259K, capacity 12000K, committed 12160K, reserved 1048576K
}
Event: 14.717 GC heap after
{Heap after GC invocations=28 (full 0):
 garbage-first heap   total 206848K, used 97705K [0x0000000080000000, 0x0000000100000000)
  region size 1024K, 3 young (3072K), 3 survivors (3072K)
 Metaspace       used 88248K, capacity 90247K, committed 90752K, reserved 1128448K
  class space    used 11259K, capacity 12000K, committed 12160K, reserved 1048576K
}
Event: 15.088 GC heap before
{Heap before GC invocations=29 (full 0):
 garbage-first heap   total 206848K, used 141737K [0x0000000080000000, 0x0000000100000000)
  region size 1024K, 46 young (47104K), 3 survivors (3072K)
 Metaspace       used 88755K, capacity 90728K, committed 91008K, reserved 1128448K
  class space    used 11296K, capacity 12040K, committed 12160K, reserved 1048576K
}
Event: 15.099 GC heap after
{Heap after GC invocations=30 (full 0):
 garbage-first heap   total 206848K, used 99561K [0x0000000080000000, 0x0000000100000000)
  region size 1024K, 5 young (5120K), 5 survivors (5120K)
 Metaspace       used 88755K, capacity 90728K, committed 91008K, reserved 1128448K
  class space    used 11296K, capacity 12040K, committed 12160K, reserved 1048576K
}
Event: 15.188 GC heap before
{Heap before GC invocations=30 (full 0):
 garbage-first heap   total 206848K, used 104681K [0x0000000080000000, 0x0000000100000000)
  region size 1024K, 10 young (10240K), 5 survivors (5120K)
 Metaspace       used 89082K, capacity 91121K, committed 91648K, reserved 1128448K
  class space    used 11329K, capacity 12079K, committed 12288K, reserved 1048576K
}
Event: 15.197 GC heap after
{Heap after GC invocations=31 (full 0):
 garbage-first heap   total 206848K, used 93744K [0x0000000080000000, 0x0000000100000000)
  region size 1024K, 1 young (1024K), 1 survivors (1024K)
 Metaspace       used 89082K, capacity 91121K, committed 91648K, reserved 1128448K
  class space    used 11329K, capacity 12079K, committed 12288K, reserved 1048576K
}
Event: 15.416 GC heap before
{Heap before GC invocations=31 (full 0):
 garbage-first heap   total 206848K, used 141872K [0x0000000080000000, 0x0000000100000000)
  region size 1024K, 49 young (50176K), 1 survivors (1024K)
 Metaspace       used 89952K, capacity 91957K, committed 92288K, reserved 1128448K
  class space    used 11443K, capacity 12207K, committed 12416K, reserved 1048576K
}
Event: 15.426 GC heap after
{Heap after GC invocations=32 (full 0):
 garbage-first heap   total 206848K, used 95409K [0x0000000080000000, 0x0000000100000000)
  region size 1024K, 3 young (3072K), 3 survivors (3072K)
 Metaspace       used 89952K, capacity 91957K, committed 92288K, reserved 1128448K
  class space    used 11443K, capacity 12207K, committed 12416K, reserved 1048576K
}
Event: 15.711 GC heap before
{Heap before GC invocations=33 (full 0):
 garbage-first heap   total 206848K, used 145585K [0x0000000080000000, 0x0000000100000000)
  region size 1024K, 54 young (55296K), 3 survivors (3072K)
 Metaspace       used 92009K, capacity 94152K, committed 94336K, reserved 1130496K
  class space    used 11749K, capacity 12512K, committed 12672K, reserved 1048576K
}
Event: 15.743 GC heap after
{Heap after GC invocations=34 (full 0):
 garbage-first heap   total 206848K, used 98949K [0x0000000080000000, 0x0000000100000000)
  region size 1024K, 7 young (7168K), 7 survivors (7168K)
 Metaspace       used 92009K, capacity 94152K, committed 94336K, reserved 1130496K
  class space    used 11749K, capacity 12512K, committed 12672K, reserved 1048576K
}
Event: 15.747 GC heap before
{Heap before GC invocations=34 (full 0):
 garbage-first heap   total 206848K, used 100997K [0x0000000080000000, 0x0000000100000000)
  region size 1024K, 10 young (10240K), 7 survivors (7168K)
 Metaspace       used 92027K, capacity 94152K, committed 94336K, reserved 1130496K
  class space    used 11751K, capacity 12512K, committed 12672K, reserved 1048576K
}

