# JRE version: OpenJDK Runtime Environment (11.0.8+10) (build 11.0.8+10-b944.6842174)
# Java VM: OpenJDK 64-Bit Server VM (11.0.8+10-b944.6842174, mixed mode, tiered, compressed oops, g1 gc, windows-amd64)
Heap:
 garbage-first heap   total 143360K, used 58958K [0x0000000080000000, 0x0000000100000000)
  region size 1024K, 9 young (9216K), 8 survivors (8192K)
 Metaspace       used 69891K, capacity 71512K, committed 71628K, reserved 1112064K
  class space    used 9079K, capacity 9662K, committed 9728K, reserved 1048576K
GC Heap History (20 events):
Event: 3.902 GC heap before
{Heap before GC invocations=6 (full 0):
 garbage-first heap   total 98304K, used 60597K [0x0000000080000000, 0x0000000100000000)
  region size 1024K, 45 young (46080K), 3 survivors (3072K)
 Metaspace       used 30116K, capacity 30758K, committed 30976K, reserved 1075200K
  class space    used 4018K, capacity 4228K, committed 4352K, reserved 1048576K
}
Event: 3.907 GC heap after
{Heap after GC invocations=7 (full 0):
 garbage-first heap   total 98304K, used 19205K [0x0000000080000000, 0x0000000100000000)
  region size 1024K, 5 young (5120K), 5 survivors (5120K)
 Metaspace       used 30116K, capacity 30758K, committed 30976K, reserved 1075200K
  class space    used 4018K, capacity 4228K, committed 4352K, reserved 1048576K
}
Event: 4.266 GC heap before
{Heap before GC invocations=7 (full 0):
 garbage-first heap   total 98304K, used 35589K [0x0000000080000000, 0x0000000100000000)
  region size 1024K, 22 young (22528K), 5 survivors (5120K)
 Metaspace       used 35124K, capacity 35833K, committed 35840K, reserved 1081344K
  class space    used 4572K, capacity 4858K, committed 4864K, reserved 1048576K
}
Event: 4.276 GC heap after
{Heap after GC invocations=8 (full 0):
 garbage-first heap   total 98304K, used 21517K [0x0000000080000000, 0x0000000100000000)
  region size 1024K, 4 young (4096K), 4 survivors (4096K)
 Metaspace       used 35124K, capacity 35833K, committed 35840K, reserved 1081344K
  class space    used 4572K, capacity 4858K, committed 4864K, reserved 1048576K
}
Event: 4.886 GC heap before
{Heap before GC invocations=9 (full 0):
 garbage-first heap   total 98304K, used 66573K [0x0000000080000000, 0x0000000100000000)
  region size 1024K, 45 young (46080K), 4 survivors (4096K)
 Metaspace       used 39797K, capacity 40700K, committed 40960K, reserved 1085440K
  class space    used 5055K, capacity 5362K, committed 5376K, reserved 1048576K
}
Event: 4.894 GC heap after
{Heap after GC invocations=10 (full 0):
 garbage-first heap   total 98304K, used 24351K [0x0000000080000000, 0x0000000100000000)
  region size 1024K, 5 young (5120K), 5 survivors (5120K)
 Metaspace       used 39797K, capacity 40700K, committed 40960K, reserved 1085440K
  class space    used 5055K, capacity 5362K, committed 5376K, reserved 1048576K
}
Event: 5.393 GC heap before
{Heap before GC invocations=10 (full 0):
 garbage-first heap   total 98304K, used 67359K [0x0000000080000000, 0x0000000100000000)
  region size 1024K, 47 young (48128K), 5 survivors (5120K)
 Metaspace       used 42784K, capacity 43807K, committed 44160K, reserved 1087488K
  class space    used 5511K, capacity 5894K, committed 6016K, reserved 1048576K
}
Event: 5.399 GC heap after
{Heap after GC invocations=11 (full 0):
 garbage-first heap   total 98304K, used 26263K [0x0000000080000000, 0x0000000100000000)
  region size 1024K, 5 young (5120K), 5 survivors (5120K)
 Metaspace       used 42784K, capacity 43807K, committed 44160K, reserved 1087488K
  class space    used 5511K, capacity 5894K, committed 6016K, reserved 1048576K
}
Event: 5.923 GC heap before
{Heap before GC invocations=11 (full 0):
 garbage-first heap   total 98304K, used 69271K [0x0000000080000000, 0x0000000100000000)
  region size 1024K, 47 young (48128K), 5 survivors (5120K)
 Metaspace       used 44363K, capacity 45434K, committed 45568K, reserved 1089536K
  class space    used 5685K, capacity 6093K, committed 6144K, reserved 1048576K
}
Event: 5.930 GC heap after
{Heap after GC invocations=12 (full 0):
 garbage-first heap   total 118784K, used 28288K [0x0000000080000000, 0x0000000100000000)
  region size 1024K, 4 young (4096K), 4 survivors (4096K)
 Metaspace       used 44363K, capacity 45434K, committed 45568K, reserved 1089536K
  class space    used 5685K, capacity 6093K, committed 6144K, reserved 1048576K
}
Event: 6.644 GC heap before
{Heap before GC invocations=12 (full 0):
 garbage-first heap   total 118784K, used 84608K [0x0000000080000000, 0x0000000100000000)
  region size 1024K, 54 young (55296K), 4 survivors (4096K)
 Metaspace       used 49441K, capacity 50750K, committed 50816K, reserved 1093632K
  class space    used 6290K, capacity 6740K, committed 6784K, reserved 1048576K
}
Event: 6.652 GC heap after
{Heap after GC invocations=13 (full 0):
 garbage-first heap   total 118784K, used 42742K [0x0000000080000000, 0x0000000100000000)
  region size 1024K, 7 young (7168K), 7 survivors (7168K)
 Metaspace       used 49441K, capacity 50750K, committed 50816K, reserved 1093632K
  class space    used 6290K, capacity 6740K, committed 6784K, reserved 1048576K
}
Event: 7.419 GC heap before
{Heap before GC invocations=13 (full 0):
 garbage-first heap   total 118784K, used 87798K [0x0000000080000000, 0x0000000100000000)
  region size 1024K, 51 young (52224K), 7 survivors (7168K)
 Metaspace       used 56115K, capacity 57513K, committed 57600K, reserved 1099776K
  class space    used 7130K, capacity 7646K, committed 7680K, reserved 1048576K
}
Event: 7.426 GC heap after
{Heap after GC invocations=14 (full 0):
 garbage-first heap   total 118784K, used 45888K [0x0000000080000000, 0x0000000100000000)
  region size 1024K, 3 young (3072K), 3 survivors (3072K)
 Metaspace       used 56115K, capacity 57513K, committed 57600K, reserved 1099776K
  class space    used 7130K, capacity 7646K, committed 7680K, reserved 1048576K
}
Event: 7.818 GC heap before
{Heap before GC invocations=14 (full 0):
 garbage-first heap   total 118784K, used 74560K [0x0000000080000000, 0x0000000100000000)
  region size 1024K, 32 young (32768K), 3 survivors (3072K)
 Metaspace       used 58582K, capacity 60044K, committed 60160K, reserved 1101824K
  class space    used 7424K, capacity 7924K, committed 7936K, reserved 1048576K
}
Event: 7.825 GC heap after
{Heap after GC invocations=15 (full 0):
 garbage-first heap   total 118784K, used 48497K [0x0000000080000000, 0x0000000100000000)
  region size 1024K, 6 young (6144K), 6 survivors (6144K)
 Metaspace       used 58582K, capacity 60044K, committed 60160K, reserved 1101824K
  class space    used 7424K, capacity 7924K, committed 7936K, reserved 1048576K
}
Event: 8.579 GC heap before
{Heap before GC invocations=16 (full 0):
 garbage-first heap   total 118784K, used 90481K [0x0000000080000000, 0x0000000100000000)
  region size 1024K, 47 young (48128K), 6 survivors (6144K)
 Metaspace       used 61490K, capacity 62963K, committed 63052K, reserved 1103872K
  class space    used 7788K, capacity 8316K, committed 8320K, reserved 1048576K
}
Event: 8.586 GC heap after
{Heap after GC invocations=17 (full 0):
 garbage-first heap   total 143360K, used 51061K [0x0000000080000000, 0x0000000100000000)
  region size 1024K, 3 young (3072K), 3 survivors (3072K)
 Metaspace       used 61490K, capacity 62963K, committed 63052K, reserved 1103872K
  class space    used 7788K, capacity 8316K, committed 8320K, reserved 1048576K
}
Event: 9.346 GC heap before
{Heap before GC invocations=17 (full 0):
 garbage-first heap   total 143360K, used 105333K [0x0000000080000000, 0x0000000100000000)
  region size 1024K, 56 young (57344K), 3 survivors (3072K)
 Metaspace       used 66042K, capacity 67524K, committed 67788K, reserved 1107968K
  class space    used 8543K, capacity 9110K, committed 9216K, reserved 1048576K
}
Event: 9.353 GC heap after
{Heap after GC invocations=18 (full 0):
 garbage-first heap   total 143360K, used 54905K [0x0000000080000000, 0x0000000100000000)
  region size 1024K, 7 young (7168K), 7 survivors (7168K)
 Metaspace       used 66042K, capacity 67524K, committed 67788K, reserved 1107968K
  class space    used 8543K, capacity 9110K, committed 9216K, reserved 1048576K
}

